# JRE version: Java(TM) SE Runtime Environment (8.0_101-b13) (build 1.8.0_101-b13)
# Java VM: Java HotSpot(TM) 64-Bit Server VM (25.101-b13 mixed mode windows-amd64 compressed oops)
Heap:
 PSYoungGen      total 139776K, used 53942K [0x00000000d5f80000, 0x00000000e1a00000, 0x0000000100000000)
  eden space 129024K, 33% used [0x00000000d5f80000,0x00000000d8a17508,0x00000000ddd80000)
  from space 10752K, 96% used [0x00000000ddd80000,0x00000000de7965c0,0x00000000de800000)
  to   space 14848K, 0% used [0x00000000e0b80000,0x00000000e0b80000,0x00000000e1a00000)
 ParOldGen       total 60928K, used 20085K [0x0000000081e00000, 0x0000000085980000, 0x00000000d5f80000)
  object space 60928K, 32% used [0x0000000081e00000,0x000000008319d6c0,0x0000000085980000)
 Metaspace       used 45412K, capacity 46624K, committed 46808K, reserved 1089536K
  class space    used 6288K, capacity 6617K, committed 6656K, reserved 1048576K
GC Heap History (10 events):
Event: 2.580 GC heap before
{Heap before GC invocations=7 (full 1):
 PSYoungGen      total 71680K, used 66560K [0x00000000d5f80000, 0x00000000df680000, 0x0000000100000000)
  eden space 66560K, 100% used [0x00000000d5f80000,0x00000000da080000,0x00000000da080000)
  from space 5120K, 0% used [0x00000000da080000,0x00000000da080000,0x00000000da580000)
  to   space 10752K, 0% used [0x00000000dec00000,0x00000000dec00000,0x00000000df680000)
 ParOldGen       total 60928K, used 8855K [0x0000000081e00000, 0x0000000085980000, 0x00000000d5f80000)
  object space 60928K, 14% used [0x0000000081e00000,0x00000000826a5d98,0x0000000085980000)
 Metaspace       used 26101K, capacity 26570K, committed 26880K, reserved 1073152K
  class space    used 3636K, capacity 3795K, committed 3840K, reserved 1048576K
Event: 2.585 GC heap after
Heap after GC invocations=7 (full 1):
 PSYoungGen      total 111104K, used 6260K [0x00000000d5f80000, 0x00000000df280000, 0x0000000100000000)
  eden space 104448K, 0% used [0x00000000d5f80000,0x00000000d5f80000,0x00000000dc580000)
  from space 6656K, 94% used [0x00000000dec00000,0x00000000df21d1e0,0x00000000df280000)
  to   space 10752K, 0% used [0x00000000ddd80000,0x00000000ddd80000,0x00000000de800000)
 ParOldGen       total 60928K, used 8863K [0x0000000081e00000, 0x0000000085980000, 0x00000000d5f80000)
  object space 60928K, 14% used [0x0000000081e00000,0x00000000826a7d98,0x0000000085980000)
 Metaspace       used 26101K, capacity 26570K, committed 26880K, reserved 1073152K
  class space    used 3636K, capacity 3795K, committed 3840K, reserved 1048576K
}
Event: 3.541 GC heap before
{Heap before GC invocations=8 (full 1):
 PSYoungGen      total 111104K, used 110708K [0x00000000d5f80000, 0x00000000df280000, 0x0000000100000000)
  eden space 104448K, 100% used [0x00000000d5f80000,0x00000000dc580000,0x00000000dc580000)
  from space 6656K, 94% used [0x00000000dec00000,0x00000000df21d1e0,0x00000000df280000)
  to   space 10752K, 0% used [0x00000000ddd80000,0x00000000ddd80000,0x00000000de800000)
 ParOldGen       total 60928K, used 8863K [0x0000000081e00000, 0x0000000085980000, 0x00000000d5f80000)
  object space 60928K, 14% used [0x0000000081e00000,0x00000000826a7d98,0x0000000085980000)
 Metaspace       used 33369K, capacity 33858K, committed 34176K, reserved 1079296K
  class space    used 4556K, capacity 4708K, committed 4736K, reserved 1048576K
Event: 3.552 GC heap after
Heap after GC invocations=8 (full 1):
 PSYoungGen      total 139776K, used 10724K [0x00000000d5f80000, 0x00000000e1500000, 0x0000000100000000)
  eden space 129024K, 0% used [0x00000000d5f80000,0x00000000d5f80000,0x00000000ddd80000)
  from space 10752K, 99% used [0x00000000ddd80000,0x00000000de7f90b8,0x00000000de800000)
  to   space 12800K, 0% used [0x00000000e0880000,0x00000000e0880000,0x00000000e1500000)
 ParOldGen       total 60928K, used 10475K [0x0000000081e00000, 0x0000000085980000, 0x00000000d5f80000)
  object space 60928K, 17% used [0x0000000081e00000,0x000000008283ac48,0x0000000085980000)
 Metaspace       used 33369K, capacity 33858K, committed 34176K, reserved 1079296K
  class space    used 4556K, capacity 4708K, committed 4736K, reserved 1048576K
}
Event: 3.863 GC heap before
{Heap before GC invocations=9 (full 1):
 PSYoungGen      total 139776K, used 56949K [0x00000000d5f80000, 0x00000000e1500000, 0x0000000100000000)
  eden space 129024K, 35% used [0x00000000d5f80000,0x00000000d8ca4560,0x00000000ddd80000)
  from space 10752K, 99% used [0x00000000ddd80000,0x00000000de7f90b8,0x00000000de800000)
  to   space 12800K, 0% used [0x00000000e0880000,0x00000000e0880000,0x00000000e1500000)
 ParOldGen       total 60928K, used 10475K [0x0000000081e00000, 0x0000000085980000, 0x00000000d5f80000)
  object space 60928K, 17% used [0x0000000081e00000,0x000000008283ac48,0x0000000085980000)
 Metaspace       used 34557K, capacity 35132K, committed 35416K, reserved 1079296K
  class space    used 4748K, capacity 4961K, committed 4992K, reserved 1048576K
Event: 3.878 GC heap after
Heap after GC invocations=9 (full 1):
 PSYoungGen      total 141824K, used 12792K [0x00000000d5f80000, 0x00000000e1500000, 0x0000000100000000)
  eden space 129024K, 0% used [0x00000000d5f80000,0x00000000d5f80000,0x00000000ddd80000)
  from space 12800K, 99% used [0x00000000e0880000,0x00000000e14fe2f8,0x00000000e1500000)
  to   space 10752K, 0% used [0x00000000ddd80000,0x00000000ddd80000,0x00000000de800000)
 ParOldGen       total 60928K, used 10631K [0x0000000081e00000, 0x0000000085980000, 0x00000000d5f80000)
  object space 60928K, 17% used [0x0000000081e00000,0x0000000082861d88,0x0000000085980000)
 Metaspace       used 34557K, capacity 35132K, committed 35416K, reserved 1079296K
  class space    used 4748K, capacity 4961K, committed 4992K, reserved 1048576K
}
Event: 3.878 GC heap before
{Heap before GC invocations=10 (full 2):
 PSYoungGen      total 141824K, used 12792K [0x00000000d5f80000, 0x00000000e1500000, 0x0000000100000000)
  eden space 129024K, 0% used [0x00000000d5f80000,0x00000000d5f80000,0x00000000ddd80000)
  from space 12800K, 99% used [0x00000000e0880000,0x00000000e14fe2f8,0x00000000e1500000)
  to   space 10752K, 0% used [0x00000000ddd80000,0x00000000ddd80000,0x00000000de800000)
 ParOldGen       total 60928K, used 10631K [0x0000000081e00000, 0x0000000085980000, 0x00000000d5f80000)
  object space 60928K, 17% used [0x0000000081e00000,0x0000000082861d88,0x0000000085980000)
 Metaspace       used 34557K, capacity 35132K, committed 35416K, reserved 1079296K
  class space    used 4748K, capacity 4961K, committed 4992K, reserved 1048576K
Event: 3.969 GC heap after
Heap after GC invocations=10 (full 2):
 PSYoungGen      total 141824K, used 0K [0x00000000d5f80000, 0x00000000e1500000, 0x0000000100000000)
  eden space 129024K, 0% used [0x00000000d5f80000,0x00000000d5f80000,0x00000000ddd80000)
  from space 12800K, 0% used [0x00000000e0880000,0x00000000e0880000,0x00000000e1500000)
  to   space 10752K, 0% used [0x00000000ddd80000,0x00000000ddd80000,0x00000000de800000)
 ParOldGen       total 60928K, used 20005K [0x0000000081e00000, 0x0000000085980000, 0x00000000d5f80000)
  object space 60928K, 32% used [0x0000000081e00000,0x0000000083189698,0x0000000085980000)
 Metaspace       used 34557K, capacity 35132K, committed 35416K, reserved 1079296K
  class space    used 4748K, capacity 4961K, committed 4992K, reserved 1048576K
}
Event: 5.094 GC heap before
{Heap before GC invocations=11 (full 2):
 PSYoungGen      total 141824K, used 129024K [0x00000000d5f80000, 0x00000000e1500000, 0x0000000100000000)
  eden space 129024K, 100% used [0x00000000d5f80000,0x00000000ddd80000,0x00000000ddd80000)
  from space 12800K, 0% used [0x00000000e0880000,0x00000000e0880000,0x00000000e1500000)
  to   space 10752K, 0% used [0x00000000ddd80000,0x00000000ddd80000,0x00000000de800000)
 ParOldGen       total 60928K, used 20005K [0x0000000081e00000, 0x0000000085980000, 0x00000000d5f80000)
  object space 60928K, 32% used [0x0000000081e00000,0x0000000083189698,0x0000000085980000)
 Metaspace       used 43621K, capacity 44630K, committed 44888K, reserved 1087488K
  class space    used 5990K, capacity 6262K, committed 6272K, reserved 1048576K
Event: 5.102 GC heap after
Heap after GC invocations=11 (full 2):
 PSYoungGen      total 139776K, used 10329K [0x00000000d5f80000, 0x00000000e1a00000, 0x0000000100000000)
  eden space 129024K, 0% used [0x00000000d5f80000,0x00000000d5f80000,0x00000000ddd80000)
  from space 10752K, 96% used [0x00000000ddd80000,0x00000000de7965c0,0x00000000de800000)
  to   space 14848K, 0% used [0x00000000e0b80000,0x00000000e0b80000,0x00000000e1a00000)
 ParOldGen       total 60928K, used 20085K [0x0000000081e00000, 0x0000000085980000, 0x00000000d5f80000)
  object space 60928K, 32% used [0x0000000081e00000,0x000000008319d6c0,0x0000000085980000)
 Metaspace       used 43621K, capacity 44630K, committed 44888K, reserved 1087488K
  class space    used 5990K, capacity 6262K, committed 6272K, reserved 1048576K
}

