# JRE version: Java(TM) SE Runtime Environment (8.0_101-b13) (build 1.8.0_101-b13)
# Java VM: Java HotSpot(TM) 64-Bit Server VM (25.101-b13 mixed mode windows-amd64 compressed oops)
Heap:
 PSYoungGen      total 141824K, used 23224K [0x00000000d5f80000, 0x00000000e0f80000, 0x0000000100000000)
  eden space 129024K, 17% used [0x00000000d5f80000,0x00000000d762e080,0x00000000ddd80000)
  from space 12800K, 0% used [0x00000000e0300000,0x00000000e0300000,0x00000000e0f80000)
  to   space 10752K, 0% used [0x00000000ddd80000,0x00000000ddd80000,0x00000000de800000)
 ParOldGen       total 96256K, used 19980K [0x0000000081e00000, 0x0000000087c00000, 0x00000000d5f80000)
  object space 96256K, 20% used [0x0000000081e00000,0x00000000831830d0,0x0000000087c00000)
 Metaspace       used 39684K, capacity 40374K, committed 40792K, reserved 1085440K
  class space    used 5445K, capacity 5688K, committed 5760K, reserved 1048576K
GC Heap History (10 events):
Event: 1.835 GC heap before
{Heap before GC invocations=6 (full 1):
 PSYoungGen      total 71680K, used 5104K [0x00000000d5f80000, 0x00000000df680000, 0x0000000100000000)
  eden space 66560K, 0% used [0x00000000d5f80000,0x00000000d5f80000,0x00000000da080000)
  from space 5120K, 99% used [0x00000000da080000,0x00000000da57c040,0x00000000da580000)
  to   space 10752K, 0% used [0x00000000dec00000,0x00000000dec00000,0x00000000df680000)
 ParOldGen       total 87552K, used 9900K [0x0000000081e00000, 0x0000000087380000, 0x00000000d5f80000)
  object space 87552K, 11% used [0x0000000081e00000,0x00000000827ab228,0x0000000087380000)
 Metaspace       used 20810K, capacity 21086K, committed 21248K, reserved 1067008K
  class space    used 2855K, capacity 2970K, committed 3072K, reserved 1048576K
Event: 1.874 GC heap after
Heap after GC invocations=6 (full 1):
 PSYoungGen      total 71680K, used 0K [0x00000000d5f80000, 0x00000000df680000, 0x0000000100000000)
  eden space 66560K, 0% used [0x00000000d5f80000,0x00000000d5f80000,0x00000000da080000)
  from space 5120K, 0% used [0x00000000da080000,0x00000000da080000,0x00000000da580000)
  to   space 10752K, 0% used [0x00000000dec00000,0x00000000dec00000,0x00000000df680000)
 ParOldGen       total 61952K, used 9324K [0x0000000081e00000, 0x0000000085a80000, 0x00000000d5f80000)
  object space 61952K, 15% used [0x0000000081e00000,0x000000008271b2b8,0x0000000085a80000)
 Metaspace       used 20810K, capacity 21086K, committed 21248K, reserved 1067008K
  class space    used 2855K, capacity 2970K, committed 3072K, reserved 1048576K
}
Event: 2.583 GC heap before
{Heap before GC invocations=7 (full 1):
 PSYoungGen      total 71680K, used 66560K [0x00000000d5f80000, 0x00000000df680000, 0x0000000100000000)
  eden space 66560K, 100% used [0x00000000d5f80000,0x00000000da080000,0x00000000da080000)
  from space 5120K, 0% used [0x00000000da080000,0x00000000da080000,0x00000000da580000)
  to   space 10752K, 0% used [0x00000000dec00000,0x00000000dec00000,0x00000000df680000)
 ParOldGen       total 61952K, used 9324K [0x0000000081e00000, 0x0000000085a80000, 0x00000000d5f80000)
  object space 61952K, 15% used [0x0000000081e00000,0x000000008271b2b8,0x0000000085a80000)
 Metaspace       used 26093K, capacity 26570K, committed 26880K, reserved 1073152K
  class space    used 3636K, capacity 3795K, committed 3840K, reserved 1048576K
Event: 2.590 GC heap after
Heap after GC invocations=7 (full 1):
 PSYoungGen      total 109568K, used 6240K [0x00000000d5f80000, 0x00000000df280000, 0x0000000100000000)
  eden space 102912K, 0% used [0x00000000d5f80000,0x00000000d5f80000,0x00000000dc400000)
  from space 6656K, 93% used [0x00000000dec00000,0x00000000df2181d0,0x00000000df280000)
  to   space 10752K, 0% used [0x00000000ddd80000,0x00000000ddd80000,0x00000000de800000)
 ParOldGen       total 61952K, used 9332K [0x0000000081e00000, 0x0000000085a80000, 0x00000000d5f80000)
  object space 61952K, 15% used [0x0000000081e00000,0x000000008271d2b8,0x0000000085a80000)
 Metaspace       used 26093K, capacity 26570K, committed 26880K, reserved 1073152K
  class space    used 3636K, capacity 3795K, committed 3840K, reserved 1048576K
}
Event: 3.511 GC heap before
{Heap before GC invocations=8 (full 1):
 PSYoungGen      total 109568K, used 109152K [0x00000000d5f80000, 0x00000000df280000, 0x0000000100000000)
  eden space 102912K, 100% used [0x00000000d5f80000,0x00000000dc400000,0x00000000dc400000)
  from space 6656K, 93% used [0x00000000dec00000,0x00000000df2181d0,0x00000000df280000)
  to   space 10752K, 0% used [0x00000000ddd80000,0x00000000ddd80000,0x00000000de800000)
 ParOldGen       total 61952K, used 9332K [0x0000000081e00000, 0x0000000085a80000, 0x00000000d5f80000)
  object space 61952K, 15% used [0x0000000081e00000,0x000000008271d2b8,0x0000000085a80000)
 Metaspace       used 33340K, capacity 33858K, committed 34176K, reserved 1079296K
  class space    used 4558K, capacity 4708K, committed 4736K, reserved 1048576K
Event: 3.520 GC heap after
Heap after GC invocations=8 (full 1):
 PSYoungGen      total 139776K, used 10720K [0x00000000d5f80000, 0x00000000e0f80000, 0x0000000100000000)
  eden space 129024K, 0% used [0x00000000d5f80000,0x00000000d5f80000,0x00000000ddd80000)
  from space 10752K, 99% used [0x00000000ddd80000,0x00000000de7f8060,0x00000000de800000)
  to   space 12800K, 0% used [0x00000000e0300000,0x00000000e0300000,0x00000000e0f80000)
 ParOldGen       total 61952K, used 10912K [0x0000000081e00000, 0x0000000085a80000, 0x00000000d5f80000)
  object space 61952K, 17% used [0x0000000081e00000,0x00000000828a8190,0x0000000085a80000)
 Metaspace       used 33340K, capacity 33858K, committed 34176K, reserved 1079296K
  class space    used 4558K, capacity 4708K, committed 4736K, reserved 1048576K
}
Event: 3.753 GC heap before
{Heap before GC invocations=9 (full 1):
 PSYoungGen      total 139776K, used 57141K [0x00000000d5f80000, 0x00000000e0f80000, 0x0000000100000000)
  eden space 129024K, 35% used [0x00000000d5f80000,0x00000000d8cd5468,0x00000000ddd80000)
  from space 10752K, 99% used [0x00000000ddd80000,0x00000000de7f8060,0x00000000de800000)
  to   space 12800K, 0% used [0x00000000e0300000,0x00000000e0300000,0x00000000e0f80000)
 ParOldGen       total 61952K, used 10912K [0x0000000081e00000, 0x0000000085a80000, 0x00000000d5f80000)
  object space 61952K, 17% used [0x0000000081e00000,0x00000000828a8190,0x0000000085a80000)
 Metaspace       used 34503K, capacity 35068K, committed 35416K, reserved 1079296K
  class space    used 4750K, capacity 4961K, committed 4992K, reserved 1048576K
Event: 3.764 GC heap after
Heap after GC invocations=9 (full 1):
 PSYoungGen      total 141824K, used 12768K [0x00000000d5f80000, 0x00000000e0f80000, 0x0000000100000000)
  eden space 129024K, 0% used [0x00000000d5f80000,0x00000000d5f80000,0x00000000ddd80000)
  from space 12800K, 99% used [0x00000000e0300000,0x00000000e0f78030,0x00000000e0f80000)
  to   space 10752K, 0% used [0x00000000ddd80000,0x00000000ddd80000,0x00000000de800000)
 ParOldGen       total 61952K, used 11100K [0x0000000081e00000, 0x0000000085a80000, 0x00000000d5f80000)
  object space 61952K, 17% used [0x0000000081e00000,0x00000000828d73f0,0x0000000085a80000)
 Metaspace       used 34503K, capacity 35068K, committed 35416K, reserved 1079296K
  class space    used 4750K, capacity 4961K, committed 4992K, reserved 1048576K
}
Event: 3.765 GC heap before
{Heap before GC invocations=10 (full 2):
 PSYoungGen      total 141824K, used 12768K [0x00000000d5f80000, 0x00000000e0f80000, 0x0000000100000000)
  eden space 129024K, 0% used [0x00000000d5f80000,0x00000000d5f80000,0x00000000ddd80000)
  from space 12800K, 99% used [0x00000000e0300000,0x00000000e0f78030,0x00000000e0f80000)
  to   space 10752K, 0% used [0x00000000ddd80000,0x00000000ddd80000,0x00000000de800000)
 ParOldGen       total 61952K, used 11100K [0x0000000081e00000, 0x0000000085a80000, 0x00000000d5f80000)
  object space 61952K, 17% used [0x0000000081e00000,0x00000000828d73f0,0x0000000085a80000)
 Metaspace       used 34503K, capacity 35068K, committed 35416K, reserved 1079296K
  class space    used 4750K, capacity 4961K, committed 4992K, reserved 1048576K
Event: 3.831 GC heap after
Heap after GC invocations=10 (full 2):
 PSYoungGen      total 141824K, used 0K [0x00000000d5f80000, 0x00000000e0f80000, 0x0000000100000000)
  eden space 129024K, 0% used [0x00000000d5f80000,0x00000000d5f80000,0x00000000ddd80000)
  from space 12800K, 0% used [0x00000000e0300000,0x00000000e0300000,0x00000000e0f80000)
  to   space 10752K, 0% used [0x00000000ddd80000,0x00000000ddd80000,0x00000000de800000)
 ParOldGen       total 96256K, used 19980K [0x0000000081e00000, 0x0000000087c00000, 0x00000000d5f80000)
  object space 96256K, 20% used [0x0000000081e00000,0x00000000831830d0,0x0000000087c00000)
 Metaspace       used 34503K, capacity 35068K, committed 35416K, reserved 1079296K
  class space    used 4750K, capacity 4961K, committed 4992K, reserved 1048576K
}

