# JRE version: Java(TM) SE Runtime Environment (8.0_101-b13) (build 1.8.0_101-b13)
# Java VM: Java HotSpot(TM) 64-Bit Server VM (25.101-b13 mixed mode windows-amd64 compressed oops)
Heap:
 PSYoungGen      total 160768K, used 8963K [0x00000000d5f80000, 0x00000000e3f80000, 0x0000000100000000)
  eden space 147968K, 6% used [0x00000000d5f80000,0x00000000d6840fa0,0x00000000df000000)
  from space 12800K, 0% used [0x00000000dfe00000,0x00000000dfe00000,0x00000000e0a80000)
  to   space 14336K, 0% used [0x00000000df000000,0x00000000df000000,0x00000000dfe00000)
 ParOldGen       total 64000K, used 20025K [0x0000000081e00000, 0x0000000085c80000, 0x00000000d5f80000)
  object space 64000K, 31% used [0x0000000081e00000,0x000000008318e738,0x0000000085c80000)
 Metaspace       used 36517K, capacity 37246K, committed 37592K, reserved 1081344K
  class space    used 5072K, capacity 5332K, committed 5376K, reserved 1048576K
GC Heap History (10 events):
Event: 1.893 GC heap before
{Heap before GC invocations=6 (full 1):
 PSYoungGen      total 71680K, used 5104K [0x00000000d5f80000, 0x00000000df780000, 0x0000000100000000)
  eden space 66560K, 0% used [0x00000000d5f80000,0x00000000d5f80000,0x00000000da080000)
  from space 5120K, 99% used [0x00000000da080000,0x00000000da57c040,0x00000000da580000)
  to   space 11264K, 0% used [0x00000000dec80000,0x00000000dec80000,0x00000000df780000)
 ParOldGen       total 87552K, used 9900K [0x0000000081e00000, 0x0000000087380000, 0x00000000d5f80000)
  object space 87552K, 11% used [0x0000000081e00000,0x00000000827ab2e8,0x0000000087380000)
 Metaspace       used 20803K, capacity 21080K, committed 21248K, reserved 1067008K
  class space    used 2854K, capacity 2969K, committed 3072K, reserved 1048576K
Event: 1.933 GC heap after
Heap after GC invocations=6 (full 1):
 PSYoungGen      total 71680K, used 0K [0x00000000d5f80000, 0x00000000df780000, 0x0000000100000000)
  eden space 66560K, 0% used [0x00000000d5f80000,0x00000000d5f80000,0x00000000da080000)
  from space 5120K, 0% used [0x00000000da080000,0x00000000da080000,0x00000000da580000)
  to   space 11264K, 0% used [0x00000000dec80000,0x00000000dec80000,0x00000000df780000)
 ParOldGen       total 64000K, used 10206K [0x0000000081e00000, 0x0000000085c80000, 0x00000000d5f80000)
  object space 64000K, 15% used [0x0000000081e00000,0x00000000827f7b00,0x0000000085c80000)
 Metaspace       used 20803K, capacity 21080K, committed 21248K, reserved 1067008K
  class space    used 2854K, capacity 2969K, committed 3072K, reserved 1048576K
}
Event: 2.624 GC heap before
{Heap before GC invocations=7 (full 1):
 PSYoungGen      total 71680K, used 66560K [0x00000000d5f80000, 0x00000000df780000, 0x0000000100000000)
  eden space 66560K, 100% used [0x00000000d5f80000,0x00000000da080000,0x00000000da080000)
  from space 5120K, 0% used [0x00000000da080000,0x00000000da080000,0x00000000da580000)
  to   space 11264K, 0% used [0x00000000dec80000,0x00000000dec80000,0x00000000df780000)
 ParOldGen       total 64000K, used 10206K [0x0000000081e00000, 0x0000000085c80000, 0x00000000d5f80000)
  object space 64000K, 15% used [0x0000000081e00000,0x00000000827f7b00,0x0000000085c80000)
 Metaspace       used 26090K, capacity 26506K, committed 26880K, reserved 1073152K
  class space    used 3636K, capacity 3795K, committed 3840K, reserved 1048576K
Event: 2.631 GC heap after
Heap after GC invocations=7 (full 1):
 PSYoungGen      total 107520K, used 6216K [0x00000000d5f80000, 0x00000000df300000, 0x0000000100000000)
  eden space 100864K, 0% used [0x00000000d5f80000,0x00000000d5f80000,0x00000000dc200000)
  from space 6656K, 93% used [0x00000000dec80000,0x00000000df2922c0,0x00000000df300000)
  to   space 10752K, 0% used [0x00000000dde00000,0x00000000dde00000,0x00000000de880000)
 ParOldGen       total 64000K, used 10214K [0x0000000081e00000, 0x0000000085c80000, 0x00000000d5f80000)
  object space 64000K, 15% used [0x0000000081e00000,0x00000000827f9b00,0x0000000085c80000)
 Metaspace       used 26090K, capacity 26506K, committed 26880K, reserved 1073152K
  class space    used 3636K, capacity 3795K, committed 3840K, reserved 1048576K
}
Event: 3.526 GC heap before
{Heap before GC invocations=8 (full 1):
 PSYoungGen      total 107520K, used 107080K [0x00000000d5f80000, 0x00000000df300000, 0x0000000100000000)
  eden space 100864K, 100% used [0x00000000d5f80000,0x00000000dc200000,0x00000000dc200000)
  from space 6656K, 93% used [0x00000000dec80000,0x00000000df2922c0,0x00000000df300000)
  to   space 10752K, 0% used [0x00000000dde00000,0x00000000dde00000,0x00000000de880000)
 ParOldGen       total 64000K, used 10214K [0x0000000081e00000, 0x0000000085c80000, 0x00000000d5f80000)
  object space 64000K, 15% used [0x0000000081e00000,0x00000000827f9b00,0x0000000085c80000)
 Metaspace       used 32633K, capacity 33122K, committed 33664K, reserved 1079296K
  class space    used 4481K, capacity 4612K, committed 4736K, reserved 1048576K
Event: 3.536 GC heap after
Heap after GC invocations=8 (full 1):
 PSYoungGen      total 140288K, used 10748K [0x00000000d5f80000, 0x00000000e0a80000, 0x0000000100000000)
  eden space 129536K, 0% used [0x00000000d5f80000,0x00000000d5f80000,0x00000000dde00000)
  from space 10752K, 99% used [0x00000000dde00000,0x00000000de87f290,0x00000000de880000)
  to   space 12800K, 0% used [0x00000000dfe00000,0x00000000dfe00000,0x00000000e0a80000)
 ParOldGen       total 64000K, used 11538K [0x0000000081e00000, 0x0000000085c80000, 0x00000000d5f80000)
  object space 64000K, 18% used [0x0000000081e00000,0x0000000082944a08,0x0000000085c80000)
 Metaspace       used 32633K, capacity 33122K, committed 33664K, reserved 1079296K
  class space    used 4481K, capacity 4612K, committed 4736K, reserved 1048576K
}
Event: 3.820 GC heap before
{Heap before GC invocations=9 (full 1):
 PSYoungGen      total 140288K, used 60281K [0x00000000d5f80000, 0x00000000e0a80000, 0x0000000100000000)
  eden space 129536K, 38% used [0x00000000d5f80000,0x00000000d8fdf290,0x00000000dde00000)
  from space 10752K, 99% used [0x00000000dde00000,0x00000000de87f290,0x00000000de880000)
  to   space 12800K, 0% used [0x00000000dfe00000,0x00000000dfe00000,0x00000000e0a80000)
 ParOldGen       total 64000K, used 11538K [0x0000000081e00000, 0x0000000085c80000, 0x00000000d5f80000)
  object space 64000K, 18% used [0x0000000081e00000,0x0000000082944a08,0x0000000085c80000)
 Metaspace       used 34528K, capacity 35132K, committed 35416K, reserved 1079296K
  class space    used 4748K, capacity 4961K, committed 4992K, reserved 1048576K
Event: 3.833 GC heap after
Heap after GC invocations=9 (full 1):
 PSYoungGen      total 160768K, used 12792K [0x00000000d5f80000, 0x00000000e3f80000, 0x0000000100000000)
  eden space 147968K, 0% used [0x00000000d5f80000,0x00000000d5f80000,0x00000000df000000)
  from space 12800K, 99% used [0x00000000dfe00000,0x00000000e0a7e2e8,0x00000000e0a80000)
  to   space 14336K, 0% used [0x00000000df000000,0x00000000df000000,0x00000000dfe00000)
 ParOldGen       total 64000K, used 11669K [0x0000000081e00000, 0x0000000085c80000, 0x00000000d5f80000)
  object space 64000K, 18% used [0x0000000081e00000,0x0000000082965680,0x0000000085c80000)
 Metaspace       used 34528K, capacity 35132K, committed 35416K, reserved 1079296K
  class space    used 4748K, capacity 4961K, committed 4992K, reserved 1048576K
}
Event: 3.833 GC heap before
{Heap before GC invocations=10 (full 2):
 PSYoungGen      total 160768K, used 12792K [0x00000000d5f80000, 0x00000000e3f80000, 0x0000000100000000)
  eden space 147968K, 0% used [0x00000000d5f80000,0x00000000d5f80000,0x00000000df000000)
  from space 12800K, 99% used [0x00000000dfe00000,0x00000000e0a7e2e8,0x00000000e0a80000)
  to   space 14336K, 0% used [0x00000000df000000,0x00000000df000000,0x00000000dfe00000)
 ParOldGen       total 64000K, used 11669K [0x0000000081e00000, 0x0000000085c80000, 0x00000000d5f80000)
  object space 64000K, 18% used [0x0000000081e00000,0x0000000082965680,0x0000000085c80000)
 Metaspace       used 34528K, capacity 35132K, committed 35416K, reserved 1079296K
  class space    used 4748K, capacity 4961K, committed 4992K, reserved 1048576K
Event: 3.906 GC heap after
Heap after GC invocations=10 (full 2):
 PSYoungGen      total 160768K, used 0K [0x00000000d5f80000, 0x00000000e3f80000, 0x0000000100000000)
  eden space 147968K, 0% used [0x00000000d5f80000,0x00000000d5f80000,0x00000000df000000)
  from space 12800K, 0% used [0x00000000dfe00000,0x00000000dfe00000,0x00000000e0a80000)
  to   space 14336K, 0% used [0x00000000df000000,0x00000000df000000,0x00000000dfe00000)
 ParOldGen       total 64000K, used 20025K [0x0000000081e00000, 0x0000000085c80000, 0x00000000d5f80000)
  object space 64000K, 31% used [0x0000000081e00000,0x000000008318e738,0x0000000085c80000)
 Metaspace       used 34528K, capacity 35132K, committed 35416K, reserved 1079296K
  class space    used 4748K, capacity 4961K, committed 4992K, reserved 1048576K
}

